<?xml version="1.0" encoding="UTF-8"?>
<!-- Generated by org.testng.reporters.JUnitReportReporter -->
<testsuite skipped="0" hostname="Swati-Laptop" name="com.FirstProj.TestCase.TC_04_VerifySearchFunctionalityInBranchPage" tests="1" failures="0" timestamp="23 Jun 2019 07:24:23 GMT" time="52.946" errors="0">
  <testcase name="TC_SearchBranch" time="52.946" classname="com.FirstProj.TestCase.TC_04_VerifySearchFunctionalityInBranchPage"/>
</testsuite> <!-- com.FirstProj.TestCase.TC_04_VerifySearchFunctionalityInBranchPage -->
