<?xml version="1.0" encoding="UTF-8"?>
<!-- Generated by org.testng.reporters.JUnitReportReporter -->
<testsuite skipped="0" hostname="Swati-Laptop" name="com.FirstProj.TestCase.TC_10_VerifyTheViewButtonOnStaffPage" tests="1" failures="0" timestamp="27 Jun 2019 01:30:05 GMT" time="16.803" errors="0">
  <testcase name="TC_ViewStaff" time="16.803" classname="com.FirstProj.TestCase.TC_10_VerifyTheViewButtonOnStaffPage"/>
</testsuite> <!-- com.FirstProj.TestCase.TC_10_VerifyTheViewButtonOnStaffPage -->
