<?xml version="1.0" encoding="UTF-8"?>
<!-- Generated by org.testng.reporters.JUnitReportReporter -->
<testsuite skipped="0" hostname="Swati-Laptop" name="com.FirstProj.TestCase.TC_08_VerifyCreationOfNewStaff" tests="1" failures="0" timestamp="27 Jun 2019 01:25:26 GMT" time="16.461" errors="0">
  <testcase name="TC_CreateStaff" time="16.461" classname="com.FirstProj.TestCase.TC_08_VerifyCreationOfNewStaff"/>
</testsuite> <!-- com.FirstProj.TestCase.TC_08_VerifyCreationOfNewStaff -->
