<?xml version="1.0" encoding="UTF-8"?>
<!-- Generated by org.testng.reporters.JUnitReportReporter -->
<testsuite skipped="0" hostname="Swati-Laptop" name="com.FirstProj.TestCase.TC_06_VerifyTheEditFunctionalityInBranchPage" tests="1" failures="0" timestamp="25 Jun 2019 05:29:16 GMT" time="66.160" errors="0">
  <testcase name="TC_EditBranch" time="66.160" classname="com.FirstProj.TestCase.TC_06_VerifyTheEditFunctionalityInBranchPage"/>
</testsuite> <!-- com.FirstProj.TestCase.TC_06_VerifyTheEditFunctionalityInBranchPage -->
