<?xml version="1.0" encoding="UTF-8"?>
<!-- Generated by org.testng.reporters.JUnitReportReporter -->
<testsuite skipped="0" hostname="Swati-Laptop" name="com.FirstProj.TestCase.TC_11_VerifyTheEditFunctionalityInStaffPage" tests="1" failures="0" timestamp="27 Jun 2019 01:41:14 GMT" time="82.932" errors="0">
  <testcase name="TC_EditStaff" time="82.932" classname="com.FirstProj.TestCase.TC_11_VerifyTheEditFunctionalityInStaffPage"/>
</testsuite> <!-- com.FirstProj.TestCase.TC_11_VerifyTheEditFunctionalityInStaffPage -->
