<?xml version="1.0" encoding="UTF-8"?>
<!-- Generated by org.testng.reporters.JUnitReportReporter -->
<testsuite skipped="0" hostname="Swati-Laptop" name="com.FirstProj.TestCase.TC_12_VerifyTheDeleteFunctionalityOnStaffPage" tests="1" failures="0" timestamp="27 Jun 2019 01:30:05 GMT" time="69.650" errors="0">
  <testcase name="TC_DeleteStaff" time="69.650" classname="com.FirstProj.TestCase.TC_12_VerifyTheDeleteFunctionalityOnStaffPage"/>
</testsuite> <!-- com.FirstProj.TestCase.TC_12_VerifyTheDeleteFunctionalityOnStaffPage -->
