<?xml version="1.0" encoding="UTF-8"?>
<!-- Generated by org.testng.reporters.JUnitReportReporter -->
<testsuite skipped="0" hostname="Swati-Laptop" name="com.FirstProj.TestCase.TC_01_VerifyLoginToApp" tests="2" failures="0" timestamp="27 Jun 2019 05:04:09 GMT" time="15.836" errors="0">
  <testcase name="TC_LoginTest" time="8.954" classname="com.FirstProj.TestCase.TC_01_VerifyLoginToApp"/>
  <testcase name="TC_LoginTest" time="6.882" classname="com.FirstProj.TestCase.TC_01_VerifyLoginToApp"/>
</testsuite> <!-- com.FirstProj.TestCase.TC_01_VerifyLoginToApp -->
