<?xml version="1.0" encoding="UTF-8"?>
<!-- Generated by org.testng.reporters.JUnitReportReporter -->
<testsuite skipped="0" hostname="Swati-Laptop" name="com.FirstProj.TestCase.TC_05_VerifyTheViewButtonOnBranchPage" tests="1" failures="0" timestamp="24 Jun 2019 05:39:26 GMT" time="149.278" errors="0">
  <testcase name="TC_BranchView" time="149.278" classname="com.FirstProj.TestCase.TC_05_VerifyTheViewButtonOnBranchPage"/>
</testsuite> <!-- com.FirstProj.TestCase.TC_05_VerifyTheViewButtonOnBranchPage -->
