<?xml version="1.0" encoding="UTF-8"?>
<!-- Generated by org.testng.reporters.JUnitReportReporter -->
<testsuite skipped="0" hostname="Swati-Laptop" name="com.FirstProj.TestCase.TC_07_VerifyTheDeleteFunctionalityOnBranchPage" tests="1" failures="0" timestamp="25 Jun 2019 06:22:45 GMT" time="75.921" errors="0">
  <testcase name="TC_DeleteBranch" time="75.921" classname="com.FirstProj.TestCase.TC_07_VerifyTheDeleteFunctionalityOnBranchPage"/>
</testsuite> <!-- com.FirstProj.TestCase.TC_07_VerifyTheDeleteFunctionalityOnBranchPage -->
