<?xml version="1.0" encoding="UTF-8"?>
<!-- Generated by org.testng.reporters.JUnitReportReporter -->
<testsuite skipped="0" hostname="Swati-Laptop" name="com.FirstProj.TestCase.TC_02_VerifyTheOptionsAvailableOnEntities" tests="1" failures="0" timestamp="22 Jun 2019 14:30:29 GMT" time="28.054" errors="0">
  <testcase name="TC_VerifyEntities" time="28.054" classname="com.FirstProj.TestCase.TC_02_VerifyTheOptionsAvailableOnEntities"/>
</testsuite> <!-- com.FirstProj.TestCase.TC_02_VerifyTheOptionsAvailableOnEntities -->
